This is e-pTeX, Version 3.14159265-p3.7.1-161114-2.6 (utf8.euc) (TeX Live 2017/MacPorts 2017_2) (preloaded format=platex 2017.10.13)  26 JAN 2018 17:37
entering extended mode
 restricted \write18 enabled.
 file:line:error style messages enabled.
 %&-line parsing enabled.
**slide.tex
(./slide.tex
pLaTeX2e <2017/05/05> (based on LaTeX2e <2017-04-15>)
Babel <3.10> and hyphenation patterns for 84 language(s) loaded.
(/opt/local/share/texmf-texlive/tex/latex/beamer/beamer.cls
Document Class: beamer 2017/01/23 v3.41 A class for typesetting presentations
(/opt/local/share/texmf-texlive/tex/latex/etoolbox/etoolbox.sty
Package: etoolbox 2017/01/02 v2.4 e-TeX tools for LaTeX (JAW)
\etb@tempcnta=\count82
) (/opt/local/share/texmf-texlive/tex/latex/beamer/beamerbasemodes.sty
\beamer@tempbox=\box42
\beamer@tempcount=\count83
\c@beamerpauses=\count84
 (/opt/local/share/texmf-texlive/tex/latex/beamer/beamerbasedecode.sty
\beamer@slideinframe=\count85
\beamer@minimum=\count86
)
\beamer@commentbox=\box43
\beamer@modecount=\count87
) (/opt/local/share/texmf-texlive/tex/generic/oberdiek/ifpdf.sty
Package: ifpdf 2017/03/15 v3.2 Provides the ifpdf switch
)
\headheight=\dimen118
\headdp=\dimen119
\footheight=\dimen120
\sidebarheight=\dimen121
\beamer@tempdim=\dimen122
\beamer@finalheight=\dimen123
\beamer@animht=\dimen124
\beamer@animdp=\dimen125
\beamer@animwd=\dimen126
\beamer@leftmargin=\dimen127
\beamer@rightmargin=\dimen128
\beamer@leftsidebar=\dimen129
\beamer@rightsidebar=\dimen130
\beamer@boxsize=\dimen131
\beamer@vboxoffset=\dimen132
\beamer@descdefault=\dimen133
\beamer@descriptionwidth=\dimen134
\beamer@lastskip=\skip41
\beamer@areabox=\box44
\beamer@animcurrent=\box45
\beamer@animshowbox=\box46
\beamer@sectionbox=\box47
\beamer@logobox=\box48
\beamer@linebox=\box49
\beamer@sectioncount=\count88
\beamer@subsubsectionmax=\count89
\beamer@subsectionmax=\count90
\beamer@sectionmax=\count91
\beamer@totalheads=\count92
\beamer@headcounter=\count93
\beamer@partstartpage=\count94
\beamer@sectionstartpage=\count95
\beamer@subsectionstartpage=\count96
\beamer@animationtempa=\count97
\beamer@animationtempb=\count98
\beamer@xpos=\count99
\beamer@ypos=\count100
\beamer@showpartnumber=\count101
\beamer@currentsubsection=\count102
\beamer@coveringdepth=\count103
\beamer@sectionadjust=\count104
\beamer@tocsectionnumber=\count105
 (/opt/local/share/texmf-texlive/tex/latex/beamer/beamerbaseoptions.sty (/opt/local/share/texmf-texlive/tex/latex/graphics/keyval.sty
Package: keyval 2014/10/28 v1.15 key=value parser (DPC)
\KV@toks@=\toks15
))
\beamer@paperwidth=\skip42
\beamer@paperheight=\skip43
 (/opt/local/share/texmf-texlive/tex/latex/geometry/geometry.sty
Package: geometry 2010/09/12 v5.6 Page Geometry
 (/opt/local/share/texmf-texlive/tex/generic/oberdiek/ifvtex.sty
Package: ifvtex 2016/05/16 v1.6 Detect VTeX and its facilities (HO)
Package ifvtex Info: VTeX not detected.
) (/opt/local/share/texmf-texlive/tex/generic/ifxetex/ifxetex.sty
Package: ifxetex 2010/09/12 v0.6 Provides ifxetex conditional
)
\Gm@cnth=\count106
\Gm@cntv=\count107
\c@Gm@tempcnt=\count108
\Gm@bindingoffset=\dimen135
\Gm@wd@mp=\dimen136
\Gm@odd@mp=\dimen137
\Gm@even@mp=\dimen138
\Gm@layoutwidth=\dimen139
\Gm@layoutheight=\dimen140
\Gm@layouthoffset=\dimen141
\Gm@layoutvoffset=\dimen142
\Gm@dimlist=\toks16
) (/opt/local/share/texmf-texlive/tex/latex/base/size11.clo
File: size11.clo 2014/09/29 v1.4h Standard LaTeX file (size option)
) (/opt/local/share/texmf/tex/latex/pgf/basiclayer/pgfcore.sty (/opt/local/share/texmf-texlive/tex/latex/graphics/graphicx.sty
Package: graphicx 2014/10/28 v1.0g Enhanced LaTeX Graphics (DPC,SPQR)
 (/opt/local/share/texmf-texlive/tex/latex/graphics/graphics.sty
Package: graphics 2017/04/14 v1.1b Standard LaTeX Graphics (DPC,SPQR)
 (/opt/local/share/texmf-texlive/tex/latex/graphics/trig.sty
Package: trig 2016/01/03 v1.10 sin cos tan (DPC)
) (/opt/local/share/texmf-texlive/tex/latex/graphics-cfg/graphics.cfg
File: graphics.cfg 2016/06/04 v1.11 sample graphics configuration
)
Package graphics Info: Driver file: dvipdfmx.def on input line 99.

(/opt/local/share/texmf-texlive/tex/latex/graphics-def/dvipdfmx.def
File: dvipdfmx.def 2016/07/11 v4.12 LaTeX color/graphics driver for dvipdfmx (L3/ChoF)
))
\Gin@req@height=\dimen143
\Gin@req@width=\dimen144
) (/opt/local/share/texmf/tex/latex/pgf/systemlayer/pgfsys.sty (/opt/local/share/texmf/tex/latex/pgf/utilities/pgfrcs.sty (/opt/local/share/texmf/tex/generic/pgf/utilities/pgfutil-common.tex
\pgfutil@everybye=\toks17
\pgfutil@tempdima=\dimen145
\pgfutil@tempdimb=\dimen146
 (/opt/local/share/texmf/tex/generic/pgf/utilities/pgfutil-common-lists.tex)) (/opt/local/share/texmf/tex/generic/pgf/utilities/pgfutil-latex.def
\pgfutil@abb=\box50
 (/opt/local/share/texmf-texlive/tex/latex/ms/everyshi.sty
Package: everyshi 2001/05/15 v3.00 EveryShipout Package (MS)
)) (/opt/local/share/texmf/tex/generic/pgf/utilities/pgfrcs.code.tex
Package: pgfrcs 2015/08/07 v3.0.1 (rcs-revision 1.31)
)) (/opt/local/share/texmf/tex/generic/pgf/systemlayer/pgfsys.code.tex
Package: pgfsys 2014/07/09 v3.0.1 (rcs-revision 1.48)
 (/opt/local/share/texmf/tex/generic/pgf/utilities/pgfkeys.code.tex
\pgfkeys@pathtoks=\toks18
\pgfkeys@temptoks=\toks19
 (/opt/local/share/texmf/tex/generic/pgf/utilities/pgfkeysfiltered.code.tex
\pgfkeys@tmptoks=\toks20
))
\pgf@x=\dimen147
\pgf@y=\dimen148
\pgf@xa=\dimen149
\pgf@ya=\dimen150
\pgf@xb=\dimen151
\pgf@yb=\dimen152
\pgf@xc=\dimen153
\pgf@yc=\dimen154
\w@pgf@writea=\write3
\r@pgf@reada=\read1
\c@pgf@counta=\count109
\c@pgf@countb=\count110
\c@pgf@countc=\count111
\c@pgf@countd=\count112
\t@pgf@toka=\toks21
\t@pgf@tokb=\toks22
\t@pgf@tokc=\toks23
 (/opt/local/share/texmf/tex/generic/pgf/systemlayer/pgf.cfg
File: pgf.cfg 2008/05/14  (rcs-revision 1.7)
)
Driver file for pgf: pgfsys-dvipdfmx.def
 (/opt/local/share/texmf/tex/generic/pgf/systemlayer/pgfsys-dvipdfmx.def
File: pgfsys-dvipdfmx.def 2014/07/09  (rcs-revision 1.14)
 (/opt/local/share/texmf/tex/generic/pgf/systemlayer/pgfsys-common-pdf.def
File: pgfsys-common-pdf.def 2013/10/10  (rcs-revision 1.13)
)
\pgfsys@objnum=\count113
))
(/opt/local/share/texmf/tex/generic/pgf/systemlayer/pgfsyssoftpath.code.tex
File: pgfsyssoftpath.code.tex 2013/09/09  (rcs-revision 1.9)
\pgfsyssoftpath@smallbuffer@items=\count114
\pgfsyssoftpath@bigbuffer@items=\count115
) (/opt/local/share/texmf/tex/generic/pgf/systemlayer/pgfsysprotocol.code.tex
File: pgfsysprotocol.code.tex 2006/10/16  (rcs-revision 1.4)
)) (/opt/local/share/texmf-texlive/tex/latex/xcolor/xcolor.sty
Package: xcolor 2016/05/11 v2.12 LaTeX color extensions (UK)
 (/opt/local/share/texmf-texlive/tex/latex/graphics-cfg/color.cfg
File: color.cfg 2016/01/02 v1.6 sample color configuration
)
Package xcolor Info: Driver file: dvipdfmx.def on input line 225.
Package xcolor Info: Model `cmy' substituted by `cmy0' on input line 1348.
Package xcolor Info: Model `hsb' substituted by `rgb' on input line 1352.
Package xcolor Info: Model `RGB' extended on input line 1364.
Package xcolor Info: Model `HTML' substituted by `rgb' on input line 1366.
Package xcolor Info: Model `Hsb' substituted by `hsb' on input line 1367.
Package xcolor Info: Model `tHsb' substituted by `hsb' on input line 1368.
Package xcolor Info: Model `HSB' substituted by `hsb' on input line 1369.
Package xcolor Info: Model `Gray' substituted by `gray' on input line 1370.
Package xcolor Info: Model `wave' substituted by `hsb' on input line 1371.
) (/opt/local/share/texmf/tex/generic/pgf/basiclayer/pgfcore.code.tex
Package: pgfcore 2010/04/11 v3.0.1 (rcs-revision 1.7)
 (/opt/local/share/texmf/tex/generic/pgf/math/pgfmath.code.tex (/opt/local/share/texmf/tex/generic/pgf/math/pgfmathcalc.code.tex (/opt/local/share/texmf/tex/generic/pgf/math/pgfmathutil.code.tex) (/opt/local/share/texmf/tex/generic/pgf/math/pgfmathparser.code.tex
\pgfmath@dimen=\dimen155
\pgfmath@count=\count116
\pgfmath@box=\box51
\pgfmath@toks=\toks24
\pgfmath@stack@operand=\toks25
\pgfmath@stack@operation=\toks26
) (/opt/local/share/texmf/tex/generic/pgf/math/pgfmathfunctions.code.tex (/opt/local/share/texmf/tex/generic/pgf/math/pgfmathfunctions.basic.code.tex) (/opt/local/share/texmf/tex/generic/pgf/math/pgfmathfunctions.trigonometric.code.tex) (/opt/local/share/texmf/tex/generic/pgf/math/pgfmathfunctions.random.code.tex)
(/opt/local/share/texmf/tex/generic/pgf/math/pgfmathfunctions.comparison.code.tex) (/opt/local/share/texmf/tex/generic/pgf/math/pgfmathfunctions.base.code.tex) (/opt/local/share/texmf/tex/generic/pgf/math/pgfmathfunctions.round.code.tex) (/opt/local/share/texmf/tex/generic/pgf/math/pgfmathfunctions.misc.code.tex) (/opt/local/share/texmf/tex/generic/pgf/math/pgfmathfunctions.integerarithmetics.code.tex))) (/opt/local/share/texmf/tex/generic/pgf/math/pgfmathfloat.code.tex
\c@pgfmathroundto@lastzeros=\count117
)) (/opt/local/share/texmf/tex/generic/pgf/basiclayer/pgfcorepoints.code.tex
File: pgfcorepoints.code.tex 2013/10/07  (rcs-revision 1.27)
\pgf@picminx=\dimen156
\pgf@picmaxx=\dimen157
\pgf@picminy=\dimen158
\pgf@picmaxy=\dimen159
\pgf@pathminx=\dimen160
\pgf@pathmaxx=\dimen161
\pgf@pathminy=\dimen162
\pgf@pathmaxy=\dimen163
\pgf@xx=\dimen164
\pgf@xy=\dimen165
\pgf@yx=\dimen166
\pgf@yy=\dimen167
\pgf@zx=\dimen168
\pgf@zy=\dimen169
) (/opt/local/share/texmf/tex/generic/pgf/basiclayer/pgfcorepathconstruct.code.tex
File: pgfcorepathconstruct.code.tex 2013/10/07  (rcs-revision 1.29)
\pgf@path@lastx=\dimen170
\pgf@path@lasty=\dimen171
) (/opt/local/share/texmf/tex/generic/pgf/basiclayer/pgfcorepathusage.code.tex
File: pgfcorepathusage.code.tex 2014/11/02  (rcs-revision 1.24)
\pgf@shorten@end@additional=\dimen172
\pgf@shorten@start@additional=\dimen173
) (/opt/local/share/texmf/tex/generic/pgf/basiclayer/pgfcorescopes.code.tex
File: pgfcorescopes.code.tex 2015/05/08  (rcs-revision 1.46)
\pgfpic=\box52
\pgf@hbox=\box53
\pgf@layerbox@main=\box54
\pgf@picture@serial@count=\count118
) (/opt/local/share/texmf/tex/generic/pgf/basiclayer/pgfcoregraphicstate.code.tex
File: pgfcoregraphicstate.code.tex 2014/11/02  (rcs-revision 1.12)
\pgflinewidth=\dimen174
) (/opt/local/share/texmf/tex/generic/pgf/basiclayer/pgfcoretransformations.code.tex
File: pgfcoretransformations.code.tex 2015/08/07  (rcs-revision 1.20)
\pgf@pt@x=\dimen175
\pgf@pt@y=\dimen176
\pgf@pt@temp=\dimen177
)
(/opt/local/share/texmf/tex/generic/pgf/basiclayer/pgfcorequick.code.tex
File: pgfcorequick.code.tex 2008/10/09  (rcs-revision 1.3)
) (/opt/local/share/texmf/tex/generic/pgf/basiclayer/pgfcoreobjects.code.tex
File: pgfcoreobjects.code.tex 2006/10/11  (rcs-revision 1.2)
) (/opt/local/share/texmf/tex/generic/pgf/basiclayer/pgfcorepathprocessing.code.tex
File: pgfcorepathprocessing.code.tex 2013/09/09  (rcs-revision 1.9)
) (/opt/local/share/texmf/tex/generic/pgf/basiclayer/pgfcorearrows.code.tex
File: pgfcorearrows.code.tex 2015/05/14  (rcs-revision 1.43)
\pgfarrowsep=\dimen178
) (/opt/local/share/texmf/tex/generic/pgf/basiclayer/pgfcoreshade.code.tex
File: pgfcoreshade.code.tex 2013/07/15  (rcs-revision 1.15)
\pgf@max=\dimen179
\pgf@sys@shading@range@num=\count119
) (/opt/local/share/texmf/tex/generic/pgf/basiclayer/pgfcoreimage.code.tex
File: pgfcoreimage.code.tex 2013/07/15  (rcs-revision 1.18)
 (/opt/local/share/texmf/tex/generic/pgf/basiclayer/pgfcoreexternal.code.tex
File: pgfcoreexternal.code.tex 2014/07/09  (rcs-revision 1.21)
\pgfexternal@startupbox=\box55
)) (/opt/local/share/texmf/tex/generic/pgf/basiclayer/pgfcorelayers.code.tex
File: pgfcorelayers.code.tex 2013/07/18  (rcs-revision 1.7)
) (/opt/local/share/texmf/tex/generic/pgf/basiclayer/pgfcoretransparency.code.tex
File: pgfcoretransparency.code.tex 2013/09/30  (rcs-revision 1.5)
) (/opt/local/share/texmf/tex/generic/pgf/basiclayer/pgfcorepatterns.code.tex
File: pgfcorepatterns.code.tex 2013/11/07  (rcs-revision 1.5)
))) (/opt/local/share/texmf/tex/latex/pgf/utilities/xxcolor.sty
Package: xxcolor 2003/10/24 ver 0.1
\XC@nummixins=\count120
\XC@countmixins=\count121
) (/opt/local/share/texmf-texlive/tex/generic/oberdiek/atbegshi.sty
Package: atbegshi 2016/06/09 v1.18 At begin shipout hook (HO)
 (/opt/local/share/texmf-texlive/tex/generic/oberdiek/infwarerr.sty
Package: infwarerr 2016/05/16 v1.4 Providing info/warning/error messages (HO)
)
(/opt/local/share/texmf-texlive/tex/generic/oberdiek/ltxcmds.sty
Package: ltxcmds 2016/05/16 v1.23 LaTeX kernel commands for general use (HO)
)) (/opt/local/share/texmf-texlive/tex/latex/hyperref/hyperref.sty
Package: hyperref 2017/03/14 v6.85a Hypertext links for LaTeX
 (/opt/local/share/texmf-texlive/tex/generic/oberdiek/hobsub-hyperref.sty
Package: hobsub-hyperref 2016/05/16 v1.14 Bundle oberdiek, subset hyperref (HO)
 (/opt/local/share/texmf-texlive/tex/generic/oberdiek/hobsub-generic.sty
Package: hobsub-generic 2016/05/16 v1.14 Bundle oberdiek, subset generic (HO)
Package: hobsub 2016/05/16 v1.14 Construct package bundles (HO)
Package hobsub Info: Skipping package `infwarerr' (already loaded).
Package hobsub Info: Skipping package `ltxcmds' (already loaded).
Package: ifluatex 2016/05/16 v1.4 Provides the ifluatex switch (HO)
Package ifluatex Info: LuaTeX not detected.
Package hobsub Info: Skipping package `ifvtex' (already loaded).
Package: intcalc 2016/05/16 v1.2 Expandable calculations with integers (HO)
Package hobsub Info: Skipping package `ifpdf' (already loaded).
Package: etexcmds 2016/05/16 v1.6 Avoid name clashes with e-TeX commands (HO)
Package etexcmds Info: Could not find \expanded.
(etexcmds)             That can mean that you are not using pdfTeX 1.50 or
(etexcmds)             that some package has redefined \expanded.
(etexcmds)             In the latter case, load this package earlier.
Package: kvsetkeys 2016/05/16 v1.17 Key value parser (HO)
Package: kvdefinekeys 2016/05/16 v1.4 Define keys (HO)
Package: pdftexcmds 2017/03/19 v0.25 Utility functions of pdfTeX for LuaTeX (HO)
Package pdftexcmds Info: LuaTeX not detected.
Package pdftexcmds Info: pdfTeX >= 1.30 not detected.
Package pdftexcmds Info: \pdf@primitive is available.
Package pdftexcmds Info: \pdf@ifprimitive is available.
Package pdftexcmds Info: \pdfdraftmode not found.
Package: pdfescape 2016/05/16 v1.14 Implements pdfTeX's escape features (HO)
Package: bigintcalc 2016/05/16 v1.4 Expandable calculations on big integers (HO)
Package: bitset 2016/05/16 v1.2 Handle bit-vector datatype (HO)
Package: uniquecounter 2016/05/16 v1.3 Provide unlimited unique counter (HO)
)
Package hobsub Info: Skipping package `hobsub' (already loaded).
Package: letltxmacro 2016/05/16 v1.5 Let assignment for LaTeX macros (HO)
Package: hopatch 2016/05/16 v1.3 Wrapper for package hooks (HO)
Package: xcolor-patch 2016/05/16 xcolor patch
Package: atveryend 2016/05/16 v1.9 Hooks at the very end of document (HO)
Package hobsub Info: Skipping package `atbegshi' (already loaded).
Package: refcount 2016/05/16 v3.5 Data extraction from label references (HO)
Package: hycolor 2016/05/16 v1.8 Color options for hyperref/bookmark (HO)
) (/opt/local/share/texmf-texlive/tex/latex/oberdiek/auxhook.sty
Package: auxhook 2016/05/16 v1.4 Hooks for auxiliary files (HO)
) (/opt/local/share/texmf-texlive/tex/latex/oberdiek/kvoptions.sty
Package: kvoptions 2016/05/16 v3.12 Key value format for package options (HO)
)
\@linkdim=\dimen180
\Hy@linkcounter=\count122
\Hy@pagecounter=\count123
 (/opt/local/share/texmf-texlive/tex/latex/hyperref/pd1enc.def
File: pd1enc.def 2017/03/14 v6.85a Hyperref: PDFDocEncoding definition (HO)
)
\Hy@SavedSpaceFactor=\count124
 (/opt/local/share/texmf-texlive/tex/latex/latexconfig/hyperref.cfg
File: hyperref.cfg 2002/06/06 v1.2 hyperref configuration of TeXLive
)
Package hyperref Info: Option `bookmarks' set `true' on input line 4374.
Package hyperref Info: Option `bookmarksopen' set `true' on input line 4374.
Package hyperref Info: Option `implicit' set `false' on input line 4374.
Package hyperref Info: Hyper figures OFF on input line 4498.
Package hyperref Info: Link nesting OFF on input line 4503.
Package hyperref Info: Hyper index ON on input line 4506.
Package hyperref Info: Plain pages OFF on input line 4513.
Package hyperref Info: Backreferencing OFF on input line 4518.
Package hyperref Info: Implicit mode OFF; no redefinition of LaTeX internals.
Package hyperref Info: Bookmarks ON on input line 4751.
\c@Hy@tempcnt=\count125
 (/opt/local/share/texmf-texlive/tex/latex/url/url.sty
\Urlmuskip=\muskip10
Package: url 2013/09/16  ver 3.4  Verb mode for urls, etc.
)
LaTeX Info: Redefining \url on input line 5104.
\XeTeXLinkMargin=\dimen181
\Fld@menulength=\count126
\Field@Width=\dimen182
\Fld@charsize=\dimen183
Package hyperref Info: Hyper figures OFF on input line 6358.
Package hyperref Info: Link nesting OFF on input line 6363.
Package hyperref Info: Hyper index ON on input line 6366.
Package hyperref Info: backreferencing OFF on input line 6373.
Package hyperref Info: Link coloring OFF on input line 6378.
Package hyperref Info: Link coloring with OCG OFF on input line 6383.
Package hyperref Info: PDF/A mode OFF on input line 6388.
LaTeX Info: Redefining \ref on input line 6428.
LaTeX Info: Redefining \pageref on input line 6432.
\Hy@abspage=\count127


Package hyperref Message: Stopped early.

)

Package hyperref Message: Driver: hdvipdfm.

(/opt/local/share/texmf-texlive/tex/latex/hyperref/hdvipdfm.def
File: hdvipdfm.def 2017/03/14 v6.85a Hyperref driver for dvipdfm
\pdfm@box=\box56
\c@Hy@AnnotLevel=\count128
\HyField@AnnotCount=\count129
\Fld@listcount=\count130
\c@bookmark@seq@number=\count131
 (/opt/local/share/texmf-texlive/tex/latex/oberdiek/rerunfilecheck.sty
Package: rerunfilecheck 2016/05/16 v1.8 Rerun checks for auxiliary files (HO)
Package uniquecounter Info: New unique counter `rerunfilecheck' on input line 282.
)) (/opt/local/share/texmf-texlive/tex/latex/beamer/beamerbaserequires.sty (/opt/local/share/texmf-texlive/tex/latex/beamer/beamerbasecompatibility.sty) (/opt/local/share/texmf-texlive/tex/latex/beamer/beamerbasefont.sty (/opt/local/share/texmf-texlive/tex/latex/amsfonts/amssymb.sty
Package: amssymb 2013/01/14 v3.01 AMS font symbols
 (/opt/local/share/texmf-texlive/tex/latex/amsfonts/amsfonts.sty
Package: amsfonts 2013/01/14 v3.01 Basic AMSFonts support
\@emptytoks=\toks27
\symAMSa=\mathgroup4
\symAMSb=\mathgroup5
LaTeX Font Info:    Overwriting math alphabet `\mathfrak' in version `bold'
(Font)                  U/euf/m/n --> U/euf/b/n on input line 106.
)) (/opt/local/share/texmf-texlive/tex/latex/sansmathaccent/sansmathaccent.sty
Package: sansmathaccent 2013/03/28
 (/opt/local/share/texmf-texlive/tex/latex/filehook/filehook.sty
Package: filehook 2011/10/12 v0.5d Hooks for input files
))) (/opt/local/share/texmf-texlive/tex/latex/beamer/beamerbasetranslator.sty (/opt/local/share/texmf-texlive/tex/latex/beamer/translator/translator.sty
Package: translator 2010/06/12 ver 1.10
 (/opt/local/share/texmf-texlive/tex/latex/beamer/translator/translator-language-mappings.tex))) (/opt/local/share/texmf-texlive/tex/latex/beamer/beamerbasemisc.sty)
(/opt/local/share/texmf-texlive/tex/latex/beamer/beamerbasetwoscreens.sty) (/opt/local/share/texmf-texlive/tex/latex/beamer/beamerbaseoverlay.sty
\beamer@argscount=\count132
\beamer@lastskipcover=\skip44
\beamer@trivlistdepth=\count133
) (/opt/local/share/texmf-texlive/tex/latex/beamer/beamerbasetitle.sty) (/opt/local/share/texmf-texlive/tex/latex/beamer/beamerbasesection.sty
\c@lecture=\count134
\c@part=\count135
\c@section=\count136
\c@subsection=\count137
\c@subsubsection=\count138
) (/opt/local/share/texmf-texlive/tex/latex/beamer/beamerbaseframe.sty
\beamer@framebox=\box57
\beamer@frametitlebox=\box58
\beamer@zoombox=\box59
\beamer@zoomcount=\count139
\beamer@zoomframecount=\count140
\beamer@frametextheight=\dimen184
\c@subsectionslide=\count141
\beamer@frametopskip=\skip45
\beamer@framebottomskip=\skip46
\beamer@frametopskipautobreak=\skip47
\beamer@framebottomskipautobreak=\skip48
\beamer@envbody=\toks28
\framewidth=\dimen185
\c@framenumber=\count142
) (/opt/local/share/texmf-texlive/tex/latex/beamer/beamerbaseverbatim.sty
\beamer@verbatimfileout=\write4
) (/opt/local/share/texmf-texlive/tex/latex/beamer/beamerbaseframesize.sty
\beamer@splitbox=\box60
\beamer@autobreakcount=\count143
\beamer@autobreaklastheight=\dimen186
\beamer@frametitletoks=\toks29
\beamer@framesubtitletoks=\toks30
) (/opt/local/share/texmf-texlive/tex/latex/beamer/beamerbaseframecomponents.sty
\beamer@footins=\box61
) (/opt/local/share/texmf-texlive/tex/latex/beamer/beamerbasecolor.sty) (/opt/local/share/texmf-texlive/tex/latex/beamer/beamerbasenotes.sty
\beamer@frameboxcopy=\box62
) (/opt/local/share/texmf-texlive/tex/latex/beamer/beamerbasetoc.sty) (/opt/local/share/texmf-texlive/tex/latex/beamer/beamerbasetemplates.sty
\beamer@sbttoks=\toks31
 (/opt/local/share/texmf-texlive/tex/latex/beamer/beamerbaseauxtemplates.sty
(/opt/local/share/texmf-texlive/tex/latex/beamer/beamerbaseboxes.sty
\bmb@box=\box63
\bmb@colorbox=\box64
\bmb@boxshadow=\box65
\bmb@boxshadowball=\box66
\bmb@boxshadowballlarge=\box67
\bmb@temp=\dimen187
\bmb@dima=\dimen188
\bmb@dimb=\dimen189
\bmb@prevheight=\dimen190
)
\beamer@blockheadheight=\dimen191
)) (/opt/local/share/texmf-texlive/tex/latex/beamer/beamerbaselocalstructure.sty (/opt/local/share/texmf-texlive/tex/latex/tools/enumerate.sty
Package: enumerate 2015/07/23 v3.00 enumerate extensions (DPC)
\@enLab=\toks32
)
\c@figure=\count144
\c@table=\count145
\abovecaptionskip=\skip49
\belowcaptionskip=\skip50
) (/opt/local/share/texmf-texlive/tex/latex/beamer/beamerbasenavigation.sty
\beamer@section@min@dim=\dimen192
) (/opt/local/share/texmf-texlive/tex/latex/beamer/beamerbasetheorems.sty (/opt/local/share/texmf-texlive/tex/latex/amsmath/amsmath.sty
Package: amsmath 2016/11/05 v2.16a AMS math features
\@mathmargin=\skip51

For additional information on amsmath, use the `?' option.
(/opt/local/share/texmf-texlive/tex/latex/amsmath/amstext.sty
Package: amstext 2000/06/29 v2.01 AMS text
 (/opt/local/share/texmf-texlive/tex/latex/amsmath/amsgen.sty
File: amsgen.sty 1999/11/30 v2.0 generic functions
\@emptytoks=\toks33
\ex@=\dimen193
)) (/opt/local/share/texmf-texlive/tex/latex/amsmath/amsbsy.sty
Package: amsbsy 1999/11/29 v1.2d Bold Symbols
\pmbraise@=\dimen194
) (/opt/local/share/texmf-texlive/tex/latex/amsmath/amsopn.sty
Package: amsopn 2016/03/08 v2.02 operator names
)
\inf@bad=\count146
LaTeX Info: Redefining \frac on input line 213.
\uproot@=\count147
\leftroot@=\count148
LaTeX Info: Redefining \overline on input line 375.
\classnum@=\count149
\DOTSCASE@=\count150
LaTeX Info: Redefining \ldots on input line 472.
LaTeX Info: Redefining \dots on input line 475.
LaTeX Info: Redefining \cdots on input line 596.
\Mathstrutbox@=\box68
\strutbox@=\box69
\big@size=\dimen195
LaTeX Font Info:    Redeclaring font encoding OML on input line 712.
LaTeX Font Info:    Redeclaring font encoding OMS on input line 713.
\macc@depth=\count151
\c@MaxMatrixCols=\count152
\dotsspace@=\muskip11
\c@parentequation=\count153
\dspbrk@lvl=\count154
\tag@help=\toks34
\row@=\count155
\column@=\count156
\maxfields@=\count157
\andhelp@=\toks35
\eqnshift@=\dimen196
\alignsep@=\dimen197
\tagshift@=\dimen198
\tagwidth@=\dimen199
\totwidth@=\dimen256
\lineht@=\dimen257
\@envbody=\toks36
\multlinegap=\skip52
\multlinetaggap=\skip53
\mathdisplay@stack=\toks37
LaTeX Info: Redefining \[ on input line 2817.
LaTeX Info: Redefining \] on input line 2818.
) (/opt/local/share/texmf-texlive/tex/latex/amscls/amsthm.sty
Package: amsthm 2015/03/04 v2.20.2
\thm@style=\toks38
\thm@bodyfont=\toks39
\thm@headfont=\toks40
\thm@notefont=\toks41
\thm@headpunct=\toks42
\thm@preskip=\skip54
\thm@postskip=\skip55
\thm@headsep=\skip56
\dth@everypar=\toks43
)
\c@theorem=\count158
) (/opt/local/share/texmf-texlive/tex/latex/beamer/beamerbasethemes.sty)) (/opt/local/share/texmf-texlive/tex/latex/beamer/themes/theme/beamerthemedefault.sty (/opt/local/share/texmf-texlive/tex/latex/beamer/themes/font/beamerfontthemedefault.sty) (/opt/local/share/texmf-texlive/tex/latex/beamer/themes/color/beamercolorthemedefault.sty) (/opt/local/share/texmf-texlive/tex/latex/beamer/themes/inner/beamerinnerthemedefault.sty
\beamer@dima=\dimen258
\beamer@dimb=\dimen259
) (/opt/local/share/texmf-texlive/tex/latex/beamer/themes/outer/beamerouterthemedefault.sty))) (/opt/local/share/texmf-texlive/tex/latex/beamer/themes/theme/beamerthemeMadrid.sty
(/opt/local/share/texmf-texlive/tex/latex/beamer/themes/color/beamercolorthemewhale.sty) (/opt/local/share/texmf-texlive/tex/latex/beamer/themes/color/beamercolorthemeorchid.sty) (/opt/local/share/texmf-texlive/tex/latex/beamer/themes/inner/beamerinnerthemerounded.sty) (/opt/local/share/texmf-texlive/tex/latex/beamer/themes/outer/beamerouterthemeinfolines.sty)) (/opt/local/share/texmf-texlive/tex/latex/textpos/textpos.sty
Package: textpos 2016/06/07 v1.8

Package: textpos 2016/06/07 1.8, absolute positioning of text on the page
\TP@textbox=\box70
\TP@holdbox=\box71
\TPHorizModule=\dimen260
\TPVertModule=\dimen261
\TP@margin=\dimen262
\TP@absmargin=\dimen263
Grid set 16 x 16 = 22.7622pt x 17.07166pt
\TPboxrulesize=\dimen264
\TP@ox=\dimen265
\TP@oy=\dimen266
\TP@tbargs=\toks44
\TP@prevdepth=\dimen267
TextBlockOrigin set to 0pt x 0pt
) (/opt/local/share/texmf-texlive/tex/latex/beamer/themes/font/beamerfontthemeprofessionalfonts.sty) (./slide.aux)
\openout1 = `slide.aux'.

LaTeX Font Info:    Checking defaults for OML/cmm/m/it on input line 67.
LaTeX Font Info:    ... okay on input line 67.
LaTeX Font Info:    Checking defaults for T1/cmr/m/n on input line 67.
LaTeX Font Info:    ... okay on input line 67.
LaTeX Font Info:    Checking defaults for OT1/cmr/m/n on input line 67.
LaTeX Font Info:    ... okay on input line 67.
LaTeX Font Info:    Checking defaults for OMS/cmsy/m/n on input line 67.
LaTeX Font Info:    ... okay on input line 67.
LaTeX Font Info:    Checking defaults for OMX/cmex/m/n on input line 67.
LaTeX Font Info:    ... okay on input line 67.
LaTeX Font Info:    Checking defaults for U/cmr/m/n on input line 67.
LaTeX Font Info:    ... okay on input line 67.
LaTeX Font Info:    Checking defaults for JY1/mc/m/n on input line 67.
LaTeX Font Info:    ... okay on input line 67.
LaTeX Font Info:    Checking defaults for JT1/mc/m/n on input line 67.
LaTeX Font Info:    ... okay on input line 67.
LaTeX Font Info:    Checking defaults for PD1/pdf/m/n on input line 67.
LaTeX Font Info:    ... okay on input line 67.

*geometry* driver: auto-detecting
*geometry* detected driver: dvips
*geometry* verbose mode - [ preamble ] result:
* driver: dvips
* paper: custom
* layout: <same size as paper>
* layoutoffset:(h,v)=(0.0pt,0.0pt)
* modes: includehead includefoot 
* h-part:(L,W,R)=(10.95003pt, 342.2953pt, 10.95003pt)
* v-part:(T,H,B)=(0.0pt, 273.14662pt, 0.0pt)
* \paperwidth=364.19536pt
* \paperheight=273.14662pt
* \textwidth=342.2953pt
* \textheight=244.6939pt
* \oddsidemargin=-61.31996pt
* \evensidemargin=-61.31996pt
* \topmargin=-72.26999pt
* \headheight=14.22636pt
* \headsep=0.0pt
* \topskip=11.0pt
* \footskip=14.22636pt
* \marginparwidth=4.0pt
* \marginparsep=10.0pt
* \columnsep=10.0pt
* \skip\footins=10.0pt plus 4.0pt minus 2.0pt
* \hoffset=0.0pt
* \voffset=0.0pt
* \mag=1000
* \@twocolumnfalse
* \@twosidefalse
* \@mparswitchfalse
* \@reversemarginfalse
* (1in=72.27pt=25.4mm, 1cm=28.453pt)

ABD: EveryShipout initializing macros
\AtBeginShipoutBox=\box72
Package hyperref Info: Link coloring OFF on input line 67.
 (/opt/local/share/texmf-texlive/tex/latex/hyperref/nameref.sty
Package: nameref 2016/05/21 v2.44 Cross-referencing by name of section
 (/opt/local/share/texmf-texlive/tex/generic/oberdiek/gettitlestring.sty
Package: gettitlestring 2016/05/16 v1.5 Cleanup title references (HO)
)
\c@section@level=\count159
)
LaTeX Info: Redefining \ref on input line 67.
LaTeX Info: Redefining \pageref on input line 67.
LaTeX Info: Redefining \nameref on input line 67.
 (./slide.out) (./slide.out)
\@outlinefile=\write5
\openout5 = `slide.out'.

 (/opt/local/share/texmf-texlive/tex/latex/beamer/translator/dicts/translator-basic-dictionary/translator-basic-dictionary-English.dict
Dictionary: translator-basic-dictionary, Language: English 
) (/opt/local/share/texmf-texlive/tex/latex/beamer/translator/dicts/translator-bibliography-dictionary/translator-bibliography-dictionary-English.dict
Dictionary: translator-bibliography-dictionary, Language: English 
) (/opt/local/share/texmf-texlive/tex/latex/beamer/translator/dicts/translator-environment-dictionary/translator-environment-dictionary-English.dict
Dictionary: translator-environment-dictionary, Language: English 
) (/opt/local/share/texmf-texlive/tex/latex/beamer/translator/dicts/translator-months-dictionary/translator-months-dictionary-English.dict
Dictionary: translator-months-dictionary, Language: English 
) (/opt/local/share/texmf-texlive/tex/latex/beamer/translator/dicts/translator-numbers-dictionary/translator-numbers-dictionary-English.dict
Dictionary: translator-numbers-dictionary, Language: English 
)
(/opt/local/share/texmf-texlive/tex/latex/beamer/translator/dicts/translator-theorem-dictionary/translator-theorem-dictionary-English.dict
Dictionary: translator-theorem-dictionary, Language: English 
)
LaTeX Info: Redefining \includegraphics on input line 67.
 (./slide.nav)

LaTeX Font Warning: Font shape `OT1/cmss/m/n' in size <4> not available
(Font)              size <5> substituted on input line 68.

[1

] (./slide.toc

LaTeX Font Warning: Font shape `JT1/gt/m/sc' undefined
(Font)              using `JT1/gt/m/n' instead on input line 4.


LaTeX Font Warning: Font shape `JY1/gt/m/sc' undefined
(Font)              using `JY1/gt/m/n' instead on input line 4.


LaTeX Font Warning: Font shape `OT1/cmss/m/sc' in size <10.95> not available
(Font)              Font shape `OT1/cmr/m/sc' tried instead on input line 4.

)
LaTeX Font Info:    Font shape `JT1/gt/bx/n' in size <12> not available
(Font)              Font shape `JT1/gt/m/n' tried instead on input line 72.
LaTeX Font Info:    Font shape `JY1/gt/bx/n' in size <12> not available
(Font)              Font shape `JY1/gt/m/n' tried instead on input line 72.
 [2

] (./slide.toc) [3

]
File: figure/car1.pdf Graphic file (type pdf)
 <figure/car1.pdf>
Overfull \vbox (9.02654pt too high) detected at line 88
 []

[4

]
File: figure/car2.pdf Graphic file (type pdf)
 <figure/car2.pdf>
Overfull \vbox (9.02654pt too high) detected at line 88
 []

[5

]
File: figure/car3.pdf Graphic file (type pdf)
 <figure/car3.pdf>
Overfull \vbox (9.02654pt too high) detected at line 88
 []

[6

]
File: figure/car4.pdf Graphic file (type pdf)
 <figure/car4.pdf>
Overfull \vbox (9.02654pt too high) detected at line 88
 []

[7

] [8

] (./slide.toc) [9

]
LaTeX Font Info:    Try loading font information for U+msa on input line 168.
 (/opt/local/share/texmf-texlive/tex/latex/amsfonts/umsa.fd
File: umsa.fd 2013/01/14 v3.01 AMS symbols A
)
LaTeX Font Info:    Try loading font information for U+msb on input line 168.
 (/opt/local/share/texmf-texlive/tex/latex/amsfonts/umsb.fd
File: umsb.fd 2013/01/14 v3.01 AMS symbols B
) [10

]
Overfull \vbox (3.70168pt too high) detected at line 199
 []

[11

] (./slide.toc) [12

] [13

] (./slide.toc) [14

]

LaTeX Font Warning: Font shape `OT1/cmss/m/sc' in size <12> not available
(Font)              Font shape `OT1/cmr/m/sc' tried instead on input line 257.


Overfull \vbox (5.79298pt too high) detected at line 257
 []

[15

] (./slide.toc) [16

]
File: figure/reduction.pdf Graphic file (type pdf)
 <figure/reduction.pdf>
Overfull \hbox (130.71127pt too wide) in paragraph at lines 285--285
 [][] 
 []

[17

] (./slide.toc) [18

] [19

] [20

] (./slide.toc) [21

] (./slide.toc) [22

] [23

]
File: figure/3SAT3.pdf Graphic file (type pdf)
 <figure/3SAT3.pdf>
Overfull \vbox (10.84373pt too high) detected at line 383
 []

[24

]
File: figure/3SAT4.pdf Graphic file (type pdf)
 <figure/3SAT4.pdf>
Overfull \vbox (3.62946pt too high) detected at line 395
 []

[25

] [26

] [27

] (./slide.toc) [28

] [29

]
Overfull \hbox (15.64998pt too wide) in paragraph at lines 485--485
[][][][] 
 []

[30

] [31

] [32

]
File: figure/rgf1.pdf Graphic file (type pdf)
 <figure/rgf1.pdf> [33

]
File: figure/rgf2.pdf Graphic file (type pdf)
 <figure/rgf2.pdf> [34

]
File: figure/rgf3.pdf Graphic file (type pdf)
 <figure/rgf3.pdf> [35

]
File: figure/rgf4.pdf Graphic file (type pdf)
 <figure/rgf4.pdf> [36

] [37

] [38

]
File: figure/BandB1.pdf Graphic file (type pdf)
 <figure/BandB1.pdf>
Overfull \hbox (22.24278pt too wide) in paragraph at lines 611--611
 [] 
 []


Overfull \hbox (15.64998pt too wide) in paragraph at lines 611--611
[][][][]  
 []

[39

]
File: figure/BandB2.pdf Graphic file (type pdf)
 <figure/BandB2.pdf>
Overfull \hbox (22.24278pt too wide) in paragraph at lines 611--611
 [] 
 []


Overfull \hbox (15.64998pt too wide) in paragraph at lines 611--611
[][][][]  
 []

[40

] [41

] (./slide.toc) [42

]
Overfull \vbox (7.98746pt too high) detected at line 649
 []

[43

] [44

]
File: figure/reductionExample1.pdf Graphic file (type pdf)
 <figure/reductionExample1.pdf> [45

]
File: figure/reductionExample2.pdf Graphic file (type pdf)
 <figure/reductionExample2.pdf>
Overfull \vbox (10.75488pt too high) detected at line 687
 []

[46

]
File: figure/reductionExample3.pdf Graphic file (type pdf)
 <figure/reductionExample3.pdf>
Overfull \vbox (9.91333pt too high) detected at line 696
 []

[47

]
File: figure/reductionExample4.pdf Graphic file (type pdf)
 <figure/reductionExample4.pdf> [48

]
File: figure/reductionExample5.pdf Graphic file (type pdf)
 <figure/reductionExample5.pdf>
Overfull \vbox (10.30681pt too high) detected at line 734
 []

[49

]
File: figure/reductionExample6.pdf Graphic file (type pdf)
 <figure/reductionExample6.pdf>
Overfull \vbox (4.45543pt too high) detected at line 743
 []

[50

] [51

] [52

] [53

] [54

] [55

] [56

]
\tf@nav=\write6
\openout6 = `slide.nav'.

\tf@toc=\write7
\openout7 = `slide.toc'.

\tf@snm=\write8
\openout8 = `slide.snm'.

Package atveryend Info: Empty hook `BeforeClearDocument' on input line 874.
Package atveryend Info: Empty hook `AfterLastShipout' on input line 874.
 (./slide.aux)
Package atveryend Info: Empty hook `AtVeryEndDocument' on input line 874.
Package atveryend Info: Executing hook `AtEndAfterFileList' on input line 874.
Package rerunfilecheck Info: File `slide.out' has not changed.
(rerunfilecheck)             Checksum: FD1181146209DF7DEEB7146C5BE615D2;590.


LaTeX Font Warning: Size substitutions with differences
(Font)              up to 1.0pt have occurred.


LaTeX Font Warning: Some font shapes were not available, defaults substituted.

 ) 
Here is how much of TeX's memory you used:
 17129 strings out of 493653
 330576 string characters out of 6150337
 425912 words of memory out of 5000000
 20267 multiletter control sequences out of 15000+600000
 23515 words of font info for 94 fonts, out of 8000000 for 9000
 929 hyphenation exceptions out of 8191
 56i,23n,65p,825b,991s stack positions out of 5000i,500n,10000p,200000b,80000s

Output written on slide.dvi (56 pages, 541492 bytes).
