This is e-pTeX, Version 3.14159265-p3.7.1-161114-2.6 (utf8.euc) (TeX Live 2017/MacPorts 2017_2) (preloaded format=platex 2017.10.13)  14 DEC 2017 16:25
entering extended mode
 restricted \write18 enabled.
 %&-line parsing enabled.
**thesis
(./thesis.tex
pLaTeX2e <2017/05/05> (based on LaTeX2e <2017-04-15>)
Babel <3.10> and hyphenation patterns for 84 language(s) loaded.
(./optlab-bachelor.cls
Document Class: optlab-bachelor 2006/06/27 v1.6 Standard pLaTeX class
\c@@paper=\count82
(/opt/local/share/texmf-texlive/tex/platex/base/jsize12.clo
File: jsize12.clo 2017/03/05 v1.7e Standard pLaTeX file (size option)
)
\c@part=\count83
\c@chapter=\count84
\c@section=\count85
\c@subsection=\count86
\c@subsubsection=\count87
\c@paragraph=\count88
\c@subparagraph=\count89
\c@figure=\count90
\c@table=\count91
\abovecaptionskip=\skip41
\belowcaptionskip=\skip42
\symmincho=\mathgroup4
LaTeX Font Info:    Overwriting symbol font `mincho' in version `bold'
(Font)                  JY1/mc/m/n --> JY1/gt/m/n on input line 677.
\toclineskip=\dimen118
\@lnumwidth=\dimen119
\bibindent=\dimen120
\heisei=\count92
\c@definition=\count93
)
(/opt/local/share/texmf-texlive/tex/latex/amsfonts/amsfonts.sty
Package: amsfonts 2013/01/14 v3.01 Basic AMSFonts support
\@emptytoks=\toks15
\symAMSa=\mathgroup5
\symAMSb=\mathgroup6
LaTeX Font Info:    Overwriting math alphabet `\mathfrak' in version `bold'
(Font)                  U/euf/m/n --> U/euf/b/n on input line 106.
)
(/opt/local/share/texmf-texlive/tex/latex/amsmath/amsmath.sty
Package: amsmath 2016/11/05 v2.16a AMS math features
\@mathmargin=\skip43

For additional information on amsmath, use the `?' option.
(/opt/local/share/texmf-texlive/tex/latex/amsmath/amstext.sty
Package: amstext 2000/06/29 v2.01 AMS text

(/opt/local/share/texmf-texlive/tex/latex/amsmath/amsgen.sty
File: amsgen.sty 1999/11/30 v2.0 generic functions
\@emptytoks=\toks16
\ex@=\dimen121
))
(/opt/local/share/texmf-texlive/tex/latex/amsmath/amsbsy.sty
Package: amsbsy 1999/11/29 v1.2d Bold Symbols
\pmbraise@=\dimen122
)
(/opt/local/share/texmf-texlive/tex/latex/amsmath/amsopn.sty
Package: amsopn 2016/03/08 v2.02 operator names
)
\inf@bad=\count94
LaTeX Info: Redefining \frac on input line 213.
\uproot@=\count95
\leftroot@=\count96
LaTeX Info: Redefining \overline on input line 375.
\classnum@=\count97
\DOTSCASE@=\count98
LaTeX Info: Redefining \ldots on input line 472.
LaTeX Info: Redefining \dots on input line 475.
LaTeX Info: Redefining \cdots on input line 596.
\Mathstrutbox@=\box42
\strutbox@=\box43
\big@size=\dimen123
LaTeX Font Info:    Redeclaring font encoding OML on input line 712.
LaTeX Font Info:    Redeclaring font encoding OMS on input line 713.
\macc@depth=\count99
\c@MaxMatrixCols=\count100
\dotsspace@=\muskip10
\c@parentequation=\count101
\dspbrk@lvl=\count102
\tag@help=\toks17
\row@=\count103
\column@=\count104
\maxfields@=\count105
\andhelp@=\toks18
\eqnshift@=\dimen124
\alignsep@=\dimen125
\tagshift@=\dimen126
\tagwidth@=\dimen127
\totwidth@=\dimen128
\lineht@=\dimen129
\@envbody=\toks19
\multlinegap=\skip44
\multlinetaggap=\skip45
\mathdisplay@stack=\toks20
LaTeX Info: Redefining \[ on input line 2817.
LaTeX Info: Redefining \] on input line 2818.
)
(/opt/local/share/texmf-texlive/tex/latex/amsfonts/amssymb.sty
Package: amssymb 2013/01/14 v3.01 AMS font symbols
)
(/opt/local/share/texmf-texlive/tex/latex/algorithms/algorithm.sty
Package: algorithm 2009/08/24 v0.1 Document Style `algorithm' - floating enviro
nment

(/opt/local/share/texmf-texlive/tex/latex/float/float.sty
Package: float 2001/11/08 v1.3d Float enhancements (AL)
\c@float@type=\count106
\float@exts=\toks21
\float@box=\box44
\@float@everytoks=\toks22
\@floatcapt=\box45
)
(/opt/local/share/texmf-texlive/tex/latex/base/ifthen.sty
Package: ifthen 2014/09/29 v1.1c Standard LaTeX ifthen package (DPC)
)
\@float@every@algorithm=\toks23
\c@algorithm=\count107
)
(/opt/local/share/texmf-texlive/tex/latex/algorithms/algorithmic.sty
Package: algorithmic 2009/08/24 v0.1 Document Style `algorithmic'

(/opt/local/share/texmf-texlive/tex/latex/graphics/keyval.sty
Package: keyval 2014/10/28 v1.15 key=value parser (DPC)
\KV@toks@=\toks24
)
\c@ALC@unique=\count108
\c@ALC@line=\count109
\c@ALC@rem=\count110
\c@ALC@depth=\count111
\ALC@tlm=\skip46
\algorithmicindent=\skip47
)
(/opt/local/share/texmf-texlive/tex/latex/graphics/graphicx.sty
Package: graphicx 2014/10/28 v1.0g Enhanced LaTeX Graphics (DPC,SPQR)

(/opt/local/share/texmf-texlive/tex/latex/graphics/graphics.sty
Package: graphics 2017/04/14 v1.1b Standard LaTeX Graphics (DPC,SPQR)

(/opt/local/share/texmf-texlive/tex/latex/graphics/trig.sty
Package: trig 2016/01/03 v1.10 sin cos tan (DPC)
)
(/opt/local/share/texmf-texlive/tex/latex/graphics-cfg/graphics.cfg
File: graphics.cfg 2016/06/04 v1.11 sample graphics configuration
)
Package graphics Info: Driver file: dvipdfmx.def on input line 99.

(/opt/local/share/texmf-texlive/tex/latex/graphics-def/dvipdfmx.def
File: dvipdfmx.def 2016/07/11 v4.12 LaTeX color/graphics driver for dvipdfmx (L
3/ChoF)
))
\Gin@req@height=\dimen130
\Gin@req@width=\dimen131
)
(./thesis.aux)
\openout1 = `thesis.aux'.

LaTeX Font Info:    Checking defaults for OML/cmm/m/it on input line 16.
LaTeX Font Info:    ... okay on input line 16.
LaTeX Font Info:    Checking defaults for T1/cmr/m/n on input line 16.
LaTeX Font Info:    ... okay on input line 16.
LaTeX Font Info:    Checking defaults for OT1/cmr/m/n on input line 16.
LaTeX Font Info:    ... okay on input line 16.
LaTeX Font Info:    Checking defaults for OMS/cmsy/m/n on input line 16.
LaTeX Font Info:    ... okay on input line 16.
LaTeX Font Info:    Checking defaults for OMX/cmex/m/n on input line 16.
LaTeX Font Info:    ... okay on input line 16.
LaTeX Font Info:    Checking defaults for U/cmr/m/n on input line 16.
LaTeX Font Info:    ... okay on input line 16.
LaTeX Font Info:    Checking defaults for JY1/mc/m/n on input line 16.
LaTeX Font Info:    ... okay on input line 16.
LaTeX Font Info:    Checking defaults for JT1/mc/m/n on input line 16.
LaTeX Font Info:    ... okay on input line 16.
LaTeX Font Info:    Font shape `JT1/mc/bx/n' in size <20.74> not available
(Font)              Font shape `JT1/gt/m/n' tried instead on input line 17.
LaTeX Font Info:    Font shape `JY1/mc/bx/n' in size <20.74> not available
(Font)              Font shape `JY1/gt/m/n' tried instead on input line 17.
LaTeX Font Info:    Try loading font information for U+msa on input line 17.
 (/opt/local/share/texmf-texlive/tex/latex/amsfonts/umsa.fd
File: umsa.fd 2013/01/14 v3.01 AMS symbols A
)
LaTeX Font Info:    Try loading font information for U+msb on input line 17.

(/opt/local/share/texmf-texlive/tex/latex/amsfonts/umsb.fd
File: umsb.fd 2013/01/14 v3.01 AMS symbols B
)
LaTeX Font Info:    Font shape `JT1/mc/bx/n' in size <17.28> not available
(Font)              Font shape `JT1/gt/m/n' tried instead on input line 17.
LaTeX Font Info:    Font shape `JY1/mc/bx/n' in size <17.28> not available
(Font)              Font shape `JY1/gt/m/n' tried instead on input line 17.
 [1

]
LaTeX Font Info:    Font shape `JT1/mc/bx/n' in size <24.88> not available
(Font)              Font shape `JT1/gt/m/n' tried instead on input line 17.
LaTeX Font Info:    Font shape `JY1/mc/bx/n' in size <24.88> not available
(Font)              Font shape `JY1/gt/m/n' tried instead on input line 17.
 (./thesis.toc
LaTeX Font Info:    Font shape `JT1/mc/bx/n' in size <12> not available
(Font)              Font shape `JT1/gt/m/n' tried instead on input line 1.
LaTeX Font Info:    Font shape `JY1/mc/bx/n' in size <12> not available
(Font)              Font shape `JY1/gt/m/n' tried instead on input line 1.
)
\tf@toc=\write3
\openout3 = `thesis.toc'.


[1

]
第 1 章
[2

] [3]
第 2 章
LaTeX Font Info:    Try loading font information for OMS+cmr on input line 76.
(/opt/local/share/texmf-texlive/tex/latex/base/omscmr.fd
File: omscmr.fd 2014/09/29 v2.5h Standard LaTeX font definitions
)
LaTeX Font Info:    Font shape `OMS/cmr/m/n' in size <12> not available
(Font)              Font shape `OMS/cmsy/m/n' tried instead on input line 76.
 [4

] [5] [6] [7]
第 3 章
[8

] [9] [10]
File: SJIT1.png Graphic file (type bmp)
 <SJIT1.png> [11]
Missing character: There is no ^^e3 in font cmr12!
Missing character: There is no ^^82 in font cmr12!
Missing character: There is no ^^99 in font cmr12!
Missing character: There is no ^^e3 in font cmr12!
Missing character: There is no ^^82 in font cmr12!
Missing character: There is no ^^99 in font cmr12!
 [12]
Overfull \hbox (4.96211pt too wide) in paragraph at lines 404--407
[]$\OML/cmm/m/it/12 k^^M \OMS/cmsy/m/n/12 2 Q\OT1/cmr/m/n/12 (\OML/cmm/m/it/12 
A; C\OT1/cmr/m/n/12 )$ \JY1/mc/m/n/12 ならば ， $\OML/cmm/m/it/12 i \OMS/cmsy/m
/n/12 2 \OML/cmm/m/it/12 A[]$ \JY1/mc/m/n/12 である任意の $\OML/cmm/m/it/12 i \
OMS/cmsy/m/n/12 2 Q\OT1/cmr/m/n/12 (\OML/cmm/m/it/12 A; C\OT1/cmr/m/n/12 )$ \JY
1/mc/m/n/12 について ， $\OML/cmm/m/it/12 i$ \JY1/mc/m/n/12 は $\OT1/cmr/m/n/12
 (\OML/cmm/m/it/12 k \JY1/mc/m/n/12 － \OT1/cmr/m/n/12 1)\OML/cmm/m/it/12 ^^M\J
Y1/mc/m/n/12 － \OT1/cmr/m/n/12 1 \OMS/cmsy/m/n/12 ^^T
 []

Missing character: There is no ^^e3 in font cmr12!
Missing character: There is no ^^82 in font cmr12!
Missing character: There is no ^^99 in font cmr12!
[13]
Missing character: There is no ^^e2 in font cmr12!
Missing character: There is no ^^89 in font cmr12!
Missing character: There is no ^^a4 in font cmr12!
 [14] [15]
Missing character: There is no ^^e3 in font cmr12!
Missing character: There is no ^^82 in font cmr12!
Missing character: There is no ^^99 in font cmr12!
 [16]
File: Lmax1.png Graphic file (type bmp)
 <Lmax1.png> [17] [18]
第 4 章
[19

] [20]
Overfull \hbox (37.56958pt too wide) detected at line 768
\OML/cmm/m/it/10 p\OT1/cmr/m/n/10 (\OML/cmm/m/it/10 J[]\OT1/cmr/m/n/10 (\OML/cm
m/m/it/10 i; `\OT1/cmr/m/n/10 )\OML/cmm/m/it/10 ; A\OT1/cmr/m/n/10 (\OMS/cmsy/m
/n/10 J[]\OT1/cmr/m/n/10 )) = []
 []


Overfull \hbox (47.55931pt too wide) detected at line 791
\OML/cmm/m/it/10 p\OT1/cmr/m/n/10 (\OML/cmm/m/it/10 J[]\OT1/cmr/m/n/10 (\OML/cm
m/m/it/10 i; `\OT1/cmr/m/n/10 )\OML/cmm/m/it/10 ; A\OT1/cmr/m/n/10 (\OMS/cmsy/m
/n/10 J[]\OT1/cmr/m/n/10 )) = []
 []

[21]
Overfull \hbox (16.09468pt too wide) detected at line 832
\OML/cmm/m/it/10.95 p\OT1/cmr/m/n/10.95 (\OML/cmm/m/it/10.95 J; A\OT1/cmr/m/n/1
0.95 (\OML/cmm/m/it/10.95 J\OT1/cmr/m/n/10.95 )) = []
 []

[22] [23] [24] [25]
第 5 章
[26

]
第 6 章
(./thesis.bbl [27

]) [28

] [29

]
LaTeX Font Info:    Font shape `JT1/mc/bx/n' in size <14.4> not available
(Font)              Font shape `JT1/gt/m/n' tried instead on input line 996.
LaTeX Font Info:    Font shape `JY1/mc/bx/n' in size <14.4> not available
(Font)              Font shape `JY1/gt/m/n' tried instead on input line 996.

Overfull \vbox (49.31288pt too high) has occurred while \output is active []


[30] (./thesis.aux) ) 
Here is how much of TeX's memory you used:
 1952 strings out of 493653
 22873 string characters out of 6150337
 93964 words of memory out of 5000000
 5524 multiletter control sequences out of 15000+600000
 24473 words of font info for 99 fonts, out of 8000000 for 9000
 929 hyphenation exceptions out of 8191
 27i,15n,24p,461b,473s stack positions out of 5000i,500n,10000p,200000b,80000s

Output written on thesis.dvi (31 pages, 99116 bytes).
